METRIC REFRESH STARTS: Tue Oct 30 22:32:51 2012
Opening ride: 2012_04_01_09_08_23.fit
File open completed: 2012_04_01_09_08_23.fit
Updating statistics: 2012_04_01_09_08_23.fit
Opening ride: 2012_04_04_04_40_18.fit
File open completed: 2012_04_04_04_40_18.fit
Updating statistics: 2012_04_04_04_40_18.fit
Opening ride: 2012_04_04_05_10_43.fit
File open completed: 2012_04_04_05_10_43.fit
Updating statistics: 2012_04_04_05_10_43.fit
Opening ride: 2012_04_18_05_27_12.fit
File open completed: 2012_04_18_05_27_12.fit
Updating statistics: 2012_04_18_05_27_12.fit
Opening ride: 2012_04_24_16_55_26.fit
File open completed: 2012_04_24_16_55_26.fit
Updating statistics: 2012_04_24_16_55_26.fit
Opening ride: 2012_05_14_05_27_44.fit
File open completed: 2012_05_14_05_27_44.fit
Updating statistics: 2012_05_14_05_27_44.fit
Opening ride: 2012_05_22_05_02_18.fit
File open completed: 2012_05_22_05_02_18.fit
Updating statistics: 2012_05_22_05_02_18.fit
Opening ride: 2012_05_24_05_10_33.fit
File open completed: 2012_05_24_05_10_33.fit
Updating statistics: 2012_05_24_05_10_33.fit
Opening ride: 2012_06_07_05_05_04.fit
File open completed: 2012_06_07_05_05_04.fit
Updating statistics: 2012_06_07_05_05_04.fit
Opening ride: 2012_06_12_05_04_16.fit
File open completed: 2012_06_12_05_04_16.fit
Updating statistics: 2012_06_12_05_04_16.fit
Opening ride: 2012_06_26_05_02_51.fit
File open completed: 2012_06_26_05_02_51.fit
Updating statistics: 2012_06_26_05_02_51.fit
Opening ride: 2012_06_29_04_59_28.fit
File open completed: 2012_06_29_04_59_28.fit
Updating statistics: 2012_06_29_04_59_28.fit
METRIC REFRESH ENDS: Tue Oct 30 22:32:53 2012
